<?xml version="1.0" encoding="UTF-8" ?>
<testsuite tests="1" failures="1" name="test.com.OrderTest" time="49.407" errors="0" skipped="0">
  <properties>
[...]
</properties>
  <testcase classname="test.com.OrderTest" name="test.com.OrderTest.testIndeedSearch" time="49.407">
    <failure message="element click intercepted: Element &lt;a class=&quot;text-noUnderline color-textBlackSoft block flex justify-between&quot; href=&quot;/menu/drinks/cold-coffees&quot;&gt;...&lt;/a&gt; is not clickable at point (206, 432). Other element would receive the click: &lt;div class=&quot;size12of12 flex items-center justify-between color-textWhite bg-houseGreen container___1BkN0 menuPadding___qjbdk&quot; data-e2e=&quot;crust&quot;&gt;...&lt;/div&gt;
  (Session info: chrome=100.0.4896.88)
Build info: version: &apos;4.1.3&apos;, revision: &apos;7b1ebf28ef&apos;
System info: host: &apos;ROSE&apos;, ip: &apos;192.168.0.7&apos;, os.name: &apos;Windows 8.1&apos;, os.arch: &apos;amd64&apos;, os.version: &apos;6.3&apos;, java.version: &apos;17.0.2&apos;
Driver info: org.openqa.selenium.chrome.ChromeDriver
Command: [960e5aa707453c87f29689837e7e6efc, clickElement {id=a4d5a45e-8e52-4f4c-b809-17347f7e1e5d}]
Capabilities {acceptInsecureCerts: false, browserName: chrome, browserVersion: 100.0.4896.88, chrome: {chromedriverVersion: 100.0.4896.60 (6a5d10861ce8..., userDataDir: C:\Users\rosekrol\AppData\L...}, goog:chromeOptions: {debuggerAddress: localhost:62044}, javascriptEnabled: true, networkConnectionEnabled: false, pageLoadStrategy: normal, platform: WINDOWS, platformName: WINDOWS, proxy: Proxy(), se:cdp: ws://localhost:62044/devtoo..., se:cdpVersion: 100.0.4896.88, setWindowRect: true, strictFileInteractability: false, timeouts: {implicit: 0, pageLoad: 300000, script: 30000}, unhandledPromptBehavior: dismiss and notify, webauthn:extension:credBlob: true, webauthn:extension:largeBlob: true, webauthn:virtualAuthenticators: true}
Element: [[ChromeDriver: chrome on WINDOWS (960e5aa707453c87f29689837e7e6efc)] -&gt; link text: Cold Coffees]
Session ID: 960e5aa707453c87f29689837e7e6efc" type="org.openqa.selenium.ElementClickInterceptedException">org.openqa.selenium.ElementClickInterceptedException: element click intercepted: Element &lt;a class=&quot;text-noUnderline color-textBlackSoft block flex justify-between&quot; href=&quot;/menu/drinks/cold-coffees&quot;&gt;...&lt;/a&gt; is not clickable at point (206, 432). Other element would receive the click: &lt;div class=&quot;size12of12 flex items-center justify-between color-textWhite bg-houseGreen container___1BkN0 menuPadding___qjbdk&quot; data-e2e=&quot;crust&quot;&gt;...&lt;/div&gt;
  (Session info: chrome=100.0.4896.88)
Build info: version: &apos;4.1.3&apos;, revision: &apos;7b1ebf28ef&apos;
System info: host: &apos;ROSE&apos;, ip: &apos;192.168.0.7&apos;, os.name: &apos;Windows 8.1&apos;, os.arch: &apos;amd64&apos;, os.version: &apos;6.3&apos;, java.version: &apos;17.0.2&apos;
Driver info: org.openqa.selenium.chrome.ChromeDriver
Command: [960e5aa707453c87f29689837e7e6efc, clickElement {id=a4d5a45e-8e52-4f4c-b809-17347f7e1e5d}]
Capabilities {acceptInsecureCerts: false, browserName: chrome, browserVersion: 100.0.4896.88, chrome: {chromedriverVersion: 100.0.4896.60 (6a5d10861ce8..., userDataDir: C:\Users\rosekrol\AppData\L...}, goog:chromeOptions: {debuggerAddress: localhost:62044}, javascriptEnabled: true, networkConnectionEnabled: false, pageLoadStrategy: normal, platform: WINDOWS, platformName: WINDOWS, proxy: Proxy(), se:cdp: ws://localhost:62044/devtoo..., se:cdpVersion: 100.0.4896.88, setWindowRect: true, strictFileInteractability: false, timeouts: {implicit: 0, pageLoad: 300000, script: 30000}, unhandledPromptBehavior: dismiss and notify, webauthn:extension:credBlob: true, webauthn:extension:largeBlob: true, webauthn:virtualAuthenticators: true}
Element: [[ChromeDriver: chrome on WINDOWS (960e5aa707453c87f29689837e7e6efc)] -&gt; link text: Cold Coffees]
Session ID: 960e5aa707453c87f29689837e7e6efc
	at java.base/jdk.internal.reflect.NativeConstructorAccessorImpl.newInstance0(Native Method)
	at java.base/jdk.internal.reflect.NativeConstructorAccessorImpl.newInstance(NativeConstructorAccessorImpl.java:77)
	at java.base/jdk.internal.reflect.DelegatingConstructorAccessorImpl.newInstance(DelegatingConstructorAccessorImpl.java:45)
	at java.base/java.lang.reflect.Constructor.newInstanceWithCaller(Constructor.java:499)
	at java.base/java.lang.reflect.Constructor.newInstance(Constructor.java:480)
	at org.openqa.selenium.remote.codec.w3c.W3CHttpResponseCodec.createException(W3CHttpResponseCodec.java:200)
	at org.openqa.selenium.remote.codec.w3c.W3CHttpResponseCodec.decode(W3CHttpResponseCodec.java:133)
	at org.openqa.selenium.remote.codec.w3c.W3CHttpResponseCodec.decode(W3CHttpResponseCodec.java:53)
	at org.openqa.selenium.remote.HttpCommandExecutor.execute(HttpCommandExecutor.java:184)
	at org.openqa.selenium.remote.service.DriverCommandExecutor.invokeExecute(DriverCommandExecutor.java:167)
	at org.openqa.selenium.remote.service.DriverCommandExecutor.execute(DriverCommandExecutor.java:142)
	at org.openqa.selenium.remote.RemoteWebDriver.execute(RemoteWebDriver.java:567)
	at org.openqa.selenium.remote.RemoteWebElement.execute(RemoteWebElement.java:251)
	at org.openqa.selenium.remote.RemoteWebElement.click(RemoteWebElement.java:77)
	at test.com.OrderTest.testIndeedSearch(OrderTest.java:86)
</failure>
    <system-err>SLF4J: Failed to load class &quot;org.slf4j.impl.StaticLoggerBinder&quot;.
SLF4J: Defaulting to no-operation (NOP) logger implementation
SLF4J: See http://www.slf4j.org/codes.html#StaticLoggerBinder for further details.
Starting ChromeDriver 100.0.4896.60 (6a5d10861ce8de5fce22564658033b43cb7de047-refs/branch-heads/4896@{#875}) on port 59354
Only local connections are allowed.
Please see https://chromedriver.chromium.org/security-considerations for suggestions on keeping ChromeDriver safe.
ChromeDriver was started successfully.
Apr 21, 2022 3:04:52 PM org.openqa.selenium.remote.ProtocolHandshake createSession
INFO: Detected dialect: W3C
Apr 21, 2022 3:04:55 PM org.openqa.selenium.devtools.CdpVersionFinder findNearestMatch
WARNING: Unable to find an exact match for CDP version 100, so returning the closest version found: 99
Apr 21, 2022 3:04:55 PM org.openqa.selenium.devtools.CdpVersionFinder findNearestMatch
INFO: Found CDP implementation for version 100 of 99
</system-err>
  </testcase>
</testsuite>